<?xml version="1.0" encoding="UTF-8"?>
<testng-results ignored="0" total="2" passed="2" failed="0" skipped="0">
  <reporter-output>
  </reporter-output>
  <suite started-at="2023-05-16T21:40:01 EDT" name="PetSuite" finished-at="2023-05-16T21:40:04 EDT" duration-ms="2835">
    <groups>
    </groups>
    <test started-at="2023-05-16T21:40:01 EDT" name="PetTests" finished-at="2023-05-16T21:40:04 EDT" duration-ms="2835">
      <class name="api.test.UserTests">
        <test-method is-config="true" signature="setup()[pri:0, instance:api.test.UserTests@78e94dcf]" started-at="2023-05-16T21:40:01 EDT" name="setup" finished-at="2023-05-16T21:40:02 EDT" duration-ms="811" status="PASS">
          <reporter-output>
          </reporter-output>
        </test-method> <!-- setup -->
        <test-method signature="testPostUser()[pri:1, instance:api.test.UserTests@78e94dcf]" started-at="2023-05-16T21:40:02 EDT" name="testPostUser" finished-at="2023-05-16T21:40:03 EDT" duration-ms="1618" status="PASS">
          <reporter-output>
          </reporter-output>
        </test-method> <!-- testPostUser -->
        <test-method signature="testUpdateUser()[pri:2, instance:api.test.UserTests@78e94dcf]" started-at="2023-05-16T21:40:03 EDT" name="testUpdateUser" finished-at="2023-05-16T21:40:04 EDT" duration-ms="117" status="PASS">
          <reporter-output>
          </reporter-output>
        </test-method> <!-- testUpdateUser -->
      </class> <!-- api.test.UserTests -->
    </test> <!-- PetTests -->
  </suite> <!-- PetSuite -->
</testng-results>
