<?xml version="1.0" encoding="UTF-8"?>
<testng-results ignored="0" total="2" passed="2" failed="0" skipped="0">
  <reporter-output>
  </reporter-output>
  <suite started-at="2023-05-16T00:34:32 EDT" name="PetSuite" finished-at="2023-05-16T00:34:35 EDT" duration-ms="3263">
    <groups>
    </groups>
    <test started-at="2023-05-16T00:34:32 EDT" name="PetTests" finished-at="2023-05-16T00:34:35 EDT" duration-ms="3263">
      <class name="api.test.UserTests">
        <test-method is-config="true" signature="setup()[pri:0, instance:api.test.UserTests@35047d03]" started-at="2023-05-16T00:34:32 EDT" name="setup" finished-at="2023-05-16T00:34:33 EDT" duration-ms="891" status="PASS">
          <reporter-output>
          </reporter-output>
        </test-method> <!-- setup -->
        <test-method signature="testPostUser()[pri:1, instance:api.test.UserTests@35047d03]" started-at="2023-05-16T00:34:33 EDT" name="testPostUser" finished-at="2023-05-16T00:34:35 EDT" duration-ms="1924" status="PASS">
          <reporter-output>
          </reporter-output>
        </test-method> <!-- testPostUser -->
        <test-method signature="testUpdateUser()[pri:2, instance:api.test.UserTests@35047d03]" started-at="2023-05-16T00:34:35 EDT" name="testUpdateUser" finished-at="2023-05-16T00:34:35 EDT" duration-ms="122" status="PASS">
          <reporter-output>
          </reporter-output>
        </test-method> <!-- testUpdateUser -->
      </class> <!-- api.test.UserTests -->
    </test> <!-- PetTests -->
  </suite> <!-- PetSuite -->
</testng-results>
